 EwaldMat.dat exist, checking ...
 Dipole file matches and will be used.
 EwaldMat.dat exist, checking ...
 Dipole file matches and will be used.
 Init from file: MD.out/InitVelocity-00000.dat                     
 Directory already exists: 'MD.out'
MD step:        1    0.0156  (second) Tk:  100.1034
     gm:  0.000000  0.000000  0.000000  0.000000
      Etot:      0.04880492    -1.37868484     1.42748976
  0.476263  0.475079  0.367988  0.108160
     0.01214031     0.01366890     0.01486548
     0.00003387    -0.00012747    -0.00012541
MD step:        2    0.1016  (second) Tk:  101.0570
     gm:  0.000000  0.000000  0.000000  0.000000
      Etot:      0.06232749    -1.37876098     1.44108847
  0.479374  0.475269  0.367978  0.118468
     0.01214019     0.01366894     0.01486550
     0.00003387    -0.00012742    -0.00012538
MD step:        3    0.1016  (second) Tk:  102.8608
     gm:  0.000000  0.000000  0.000000  0.000000
      Etot:      0.08792662    -1.37888396     1.46681058
  0.484355  0.475590  0.367962  0.138904
     0.01214005     0.01366896     0.01486549
     0.00003387    -0.00012737    -0.00012535
MD step:        4    0.1016  (second) Tk:  105.5147
     gm:  0.000000  0.000000  0.000000  0.000000
      Etot:      0.12560162    -1.37905380     1.50465542
  0.491206  0.476043  0.367939  0.169467
     0.01213989     0.01366896     0.01486547
     0.00003387    -0.00012731    -0.00012532
MD step:        5    0.0859  (second) Tk:  109.0186
     gm:  0.000000  0.000000  0.000000  0.000000
      Etot:      0.17535144    -1.37927051     1.55462194
  0.499929  0.476628  0.367909  0.210156
     0.01213972     0.01366894     0.01486544
     0.00003386    -0.00012726    -0.00012529
MD step:        6    0.1016  (second) Tk:  113.3725
     gm:  0.000000  0.000000  0.000000  0.000000
      Etot:      0.23717464    -1.37953409     1.61670873
  0.510523  0.477344  0.367873  0.260969
     0.01213954     0.01366890     0.01486538
     0.00003386    -0.00012721    -0.00012526
MD step:        7    0.0938  (second) Tk:  118.5762
     gm:  0.000000  0.000000  0.000000  0.000000
      Etot:      0.31106945    -1.37984456     1.69091401
  0.522991  0.478190  0.367830  0.321903
     0.01213933     0.01366884     0.01486531
     0.00003386    -0.00012715    -0.00012523
MD step:        8    0.1016  (second) Tk:  124.6295
     gm:  0.000000  0.000000  0.000000  0.000000
      Etot:      0.39703370    -1.38020195     1.77723565
  0.537333  0.479167  0.367780  0.392955
     0.01213911     0.01366877     0.01486522
     0.00003385    -0.00012710    -0.00012520
MD step:        9    0.0938  (second) Tk:  131.5324
     gm:  0.000000  0.000000  0.000000  0.000000
      Etot:      0.49506488    -1.38060628     1.87567116
  0.553551  0.480274  0.367724  0.474122
     0.01213888     0.01366867     0.01486511
     0.00003385    -0.00012704    -0.00012518
MD step:       10    0.0938  (second) Tk:  139.2845
     gm:  0.000000  0.000000  0.000000  0.000000
      Etot:      0.60516009    -1.38105757     1.98621766
  0.571647  0.481510  0.367661  0.565399
     0.01213862     0.01366855     0.01486499
     0.00003385    -0.00012699    -0.00012515
MD step:       11    0.1016  (second) Tk:  147.8857
     gm:  0.000000  0.000000  0.000000  0.000000
      Etot:      0.72731609    -1.38155585     2.10887194
  0.591622  0.482875  0.367592  0.666783
     0.01213836     0.01366841     0.01486485
     0.00003385    -0.00012694    -0.00012512
MD step:       12    0.1016  (second) Tk:  157.3357
     gm:  0.000000  0.000000  0.000000  0.000000
      Etot:      0.86152924    -1.38210115     2.24363039
  0.613478  0.484368  0.367516  0.778268
     0.01213807     0.01366825     0.01486469
     0.00003384    -0.00012688    -0.00012509
MD step:       13    0.1016  (second) Tk:  167.6342
     gm:  0.000000  0.000000  0.000000  0.000000
      Etot:      1.00779556    -1.38269351     2.39048907
  0.637218  0.485987  0.367434  0.899849
     0.01213777     0.01366808     0.01486452
     0.00003384    -0.00012683    -0.00012506
MD step:       14    0.1016  (second) Tk:  178.7810
     gm:  0.000000  0.000000  0.000000  0.000000
      Etot:      1.16611070    -1.38333295     2.54944365
  0.662845  0.487733  0.367345  1.031521
     0.01213746     0.01366788     0.01486432
     0.00003384    -0.00012677    -0.00012503
MD step:       15    0.1016  (second) Tk:  190.7757
     gm:  0.000000  0.000000  0.000000  0.000000
      Etot:      1.33646991    -1.38401954     2.72048945
  0.690360  0.489605  0.367249  1.173275
     0.01213713     0.01366766     0.01486411
     0.00003384    -0.00012672    -0.00012500
MD step:       16    0.1016  (second) Tk:  203.6179
     gm:  0.000000  0.000000  0.000000  0.000000
      Etot:      1.51886811    -1.38475329     2.90362141
  0.719767  0.491601  0.367147  1.325107
     0.01213678     0.01366743     0.01486389
     0.00003383    -0.00012667    -0.00012497
MD step:       17    0.1016  (second) Tk:  217.3073
     gm:  0.000000  0.000000  0.000000  0.000000
      Etot:      1.71329984    -1.38553427     3.09883411
  0.751068  0.493720  0.367039  1.487008
     0.01213642     0.01366717     0.01486364
     0.00003383    -0.00012661    -0.00012494
MD step:       18    0.1016  (second) Tk:  231.8434
     gm:  0.000000  0.000000  0.000000  0.000000
      Etot:      1.91975925    -1.38636252     3.30612177
  0.784267  0.495961  0.366923  1.658970
     0.01213604     0.01366690     0.01486338
     0.00003383    -0.00012656    -0.00012491
MD step:       19    0.1016  (second) Tk:  247.2259
     gm:  0.000000  0.000000  0.000000  0.000000
      Etot:      2.13824014    -1.38723809     3.52547823
  0.819368  0.498324  0.366802  1.840985
     0.01213564     0.01366660     0.01486311
     0.00003383    -0.00012650    -0.00012488
MD step:       20    0.1094  (second) Tk:  263.4543
     gm:  0.000000  0.000000  0.000000  0.000000
      Etot:      2.36873594    -1.38816104     3.75689698
  0.856373  0.500806  0.366673  2.033044
     0.01213523     0.01366629     0.01486281
     0.00003382    -0.00012645    -0.00012485
MD step:       21    0.0938  (second) Tk:  280.5280
     gm:  0.000000  0.000000  0.000000  0.000000
      Etot:      2.61123969    -1.38913142     4.00037110
  0.895287  0.503407  0.366538  2.235139
     0.01213480     0.01366595     0.01486250
     0.00003382    -0.00012639    -0.00012482
[mpiexec@pinnacle-l11] Sending Ctrl-C to processes as requested
[mpiexec@pinnacle-l11] Press Ctrl-C again to force abort
